http://cpee.org:9298/379
789242d9795ebae5aaa433cd130755a3
0e07e43bfcfb26d6ec0c93ac87c4092b
http://cpee.org:9298/379/callbacks/a1d6ee239d0043e3534b9fa5c26ecf01
789242d9795ebae5aaa433cd130755a3
0e07e43bfcfb26d6ec0c93ac87c4092b
http://cpee.org:9298/380
http://cpee.org:9298/392
Lookup pid: 789242d9795ebae5aaa433cd130755a3
Lookup pid: 0e07e43bfcfb26d6ec0c93ac87c4092b
Lookup pid: b29a6847e89e393dda6492ed4fb9eadd
Run the callback (PUT): http://cpee.org:9298/380/callbacks/6f52137e875a9e14fdc95287cc2a6717
Lookup pid: 1f332e15d5ab515d4455c8b29a942d50
Run the callback (PUT): http://cpee.org:9298/392/callbacks/4c22a1c740fca31394e4942a7813b4c2
Lookup pid: 789242d9795ebae5aaa433cd130755a3
Lookup pid: 0e07e43bfcfb26d6ec0c93ac87c4092b
Lookup pid: b29a6847e89e393dda6492ed4fb9eadd
Run the callback (PUT): http://cpee.org:9298/380/callbacks/4d5db980bbd9e7cec0ab2bdd481e23ca for status 
Lookup pid: 1f332e15d5ab515d4455c8b29a942d50
Run the callback (PUT): http://cpee.org:9298/392/callbacks/d2dcc0061d44a283f17f47b90b37735d for status 
